2020-09-15 09:54:14.698  INFO 2156 --- [Thread-85] ConfigServletWebServerApplicationContext : Closing org.springframework.boot.web.servlet.context.AnnotationConfigServletWebServerApplicationContext@6acc375b: startup date [Mon Sep 14 16:49:07 CST 2020]; root of context hierarchy
2020-09-15 09:54:14.707  INFO 2156 --- [Thread-85] o.s.c.support.DefaultLifecycleProcessor  : Stopping beans in phase 2147483647
2020-09-15 09:54:14.707  INFO 2156 --- [Thread-85] org.quartz.core.QuartzScheduler          : Scheduler quartzScheduler_$_NON_CLUSTERED paused.
2020-09-15 09:54:14.720  INFO 2156 --- [Thread-85] o.s.c.support.DefaultLifecycleProcessor  : Stopping beans in phase 0
2020-09-15 09:54:14.722  INFO 2156 --- [Thread-85] o.s.j.e.a.AnnotationMBeanExporter        : Unregistering JMX-exposed beans on shutdown
2020-09-15 09:54:14.722  INFO 2156 --- [Thread-85] o.s.j.e.a.AnnotationMBeanExporter        : Unregistering JMX-exposed beans
2020-09-15 09:54:14.722  INFO 2156 --- [Thread-85] o.s.s.quartz.SchedulerFactoryBean        : Shutting down Quartz Scheduler
2020-09-15 09:54:14.722  INFO 2156 --- [Thread-85] org.quartz.core.QuartzScheduler          : Scheduler quartzScheduler_$_NON_CLUSTERED shutting down.
2020-09-15 09:54:14.722  INFO 2156 --- [Thread-85] org.quartz.core.QuartzScheduler          : Scheduler quartzScheduler_$_NON_CLUSTERED paused.
2020-09-15 09:54:14.722  INFO 2156 --- [Thread-85] org.quartz.core.QuartzScheduler          : Scheduler quartzScheduler_$_NON_CLUSTERED shutdown complete.
2020-09-15 09:54:14.723  INFO 2156 --- [Thread-85] com.alibaba.druid.pool.DruidDataSource   : {dataSource-9} closed
2020-09-15 09:54:15.421  INFO 2156 --- [restartedMain] com.example.DemoApplication              : Starting DemoApplication on admin-PC with PID 2156 (E:\IdeaProjects\mySpring\target\classes started by admin in E:\IdeaProjects\mySpring)
2020-09-15 09:54:15.421  INFO 2156 --- [restartedMain] com.example.DemoApplication              : The following profiles are active: dev
2020-09-15 09:54:15.425  INFO 2156 --- [restartedMain] ConfigServletWebServerApplicationContext : Refreshing org.springframework.boot.web.servlet.context.AnnotationConfigServletWebServerApplicationContext@f5458d7: startup date [Tue Sep 15 09:54:15 CST 2020]; root of context hierarchy
2020-09-15 09:54:15.428  WARN 2156 --- [restartedMain] ConfigServletWebServerApplicationContext : Exception encountered during context initialization - cancelling refresh attempt: org.springframework.beans.factory.BeanDefinitionStoreException: Failed to parse configuration class [com.example.DemoApplication]; nested exception is java.io.FileNotFoundException: class path resource [com/example/DemoApplication.class] cannot be opened because it does not exist
2020-09-15 09:54:15.430 ERROR 2156 --- [restartedMain] o.s.boot.SpringApplication               : Application run failed

org.springframework.beans.factory.BeanDefinitionStoreException: Failed to parse configuration class [com.example.DemoApplication]; nested exception is java.io.FileNotFoundException: class path resource [com/example/DemoApplication.class] cannot be opened because it does not exist
	at org.springframework.context.annotation.ConfigurationClassParser.parse(ConfigurationClassParser.java:184) ~[spring-context-5.0.9.RELEASE.jar:5.0.9.RELEASE]
	at org.springframework.context.annotation.ConfigurationClassPostProcessor.processConfigBeanDefinitions(ConfigurationClassPostProcessor.java:316) ~[spring-context-5.0.9.RELEASE.jar:5.0.9.RELEASE]
	at org.springframework.context.annotation.ConfigurationClassPostProcessor.postProcessBeanDefinitionRegistry(ConfigurationClassPostProcessor.java:233) ~[spring-context-5.0.9.RELEASE.jar:5.0.9.RELEASE]
	at org.springframework.context.support.PostProcessorRegistrationDelegate.invokeBeanDefinitionRegistryPostProcessors(PostProcessorRegistrationDelegate.java:271) ~[spring-context-5.0.9.RELEASE.jar:5.0.9.RELEASE]
	at org.springframework.context.support.PostProcessorRegistrationDelegate.invokeBeanFactoryPostProcessors(PostProcessorRegistrationDelegate.java:91) ~[spring-context-5.0.9.RELEASE.jar:5.0.9.RELEASE]
	at org.springframework.context.support.AbstractApplicationContext.invokeBeanFactoryPostProcessors(AbstractApplicationContext.java:694) ~[spring-context-5.0.9.RELEASE.jar:5.0.9.RELEASE]
	at org.springframework.context.support.AbstractApplicationContext.refresh(AbstractApplicationContext.java:532) ~[spring-context-5.0.9.RELEASE.jar:5.0.9.RELEASE]
	at org.springframework.boot.web.servlet.context.ServletWebServerApplicationContext.refresh(ServletWebServerApplicationContext.java:140) ~[spring-boot-2.0.5.RELEASE.jar:2.0.5.RELEASE]
	at org.springframework.boot.SpringApplication.refresh(SpringApplication.java:780) [spring-boot-2.0.5.RELEASE.jar:2.0.5.RELEASE]
	at org.springframework.boot.SpringApplication.refreshContext(SpringApplication.java:412) [spring-boot-2.0.5.RELEASE.jar:2.0.5.RELEASE]
	at org.springframework.boot.SpringApplication.run(SpringApplication.java:333) [spring-boot-2.0.5.RELEASE.jar:2.0.5.RELEASE]
	at org.springframework.boot.SpringApplication.run(SpringApplication.java:1277) [spring-boot-2.0.5.RELEASE.jar:2.0.5.RELEASE]
	at org.springframework.boot.SpringApplication.run(SpringApplication.java:1265) [spring-boot-2.0.5.RELEASE.jar:2.0.5.RELEASE]
	at com.example.DemoApplication.main(DemoApplication.java:28) [classes/:na]
	at sun.reflect.NativeMethodAccessorImpl.invoke0(Native Method) ~[na:1.8.0_25]
	at sun.reflect.NativeMethodAccessorImpl.invoke(NativeMethodAccessorImpl.java:62) ~[na:1.8.0_25]
	at sun.reflect.DelegatingMethodAccessorImpl.invoke(DelegatingMethodAccessorImpl.java:43) ~[na:1.8.0_25]
	at java.lang.reflect.Method.invoke(Method.java:483) ~[na:1.8.0_25]
	at org.springframework.boot.devtools.restart.RestartLauncher.run(RestartLauncher.java:49) [spring-boot-devtools-2.0.5.RELEASE.jar:2.0.5.RELEASE]
Caused by: java.io.FileNotFoundException: class path resource [com/example/DemoApplication.class] cannot be opened because it does not exist
	at org.springframework.core.io.ClassPathResource.getInputStream(ClassPathResource.java:180) ~[spring-core-5.0.9.RELEASE.jar:5.0.9.RELEASE]
	at org.springframework.core.type.classreading.SimpleMetadataReader.<init>(SimpleMetadataReader.java:51) ~[spring-core-5.0.9.RELEASE.jar:5.0.9.RELEASE]
	at org.springframework.core.type.classreading.SimpleMetadataReaderFactory.getMetadataReader(SimpleMetadataReaderFactory.java:103) ~[spring-core-5.0.9.RELEASE.jar:5.0.9.RELEASE]
	at org.springframework.boot.type.classreading.ConcurrentReferenceCachingMetadataReaderFactory.createMetadataReader(ConcurrentReferenceCachingMetadataReaderFactory.java:88) ~[spring-boot-2.0.5.RELEASE.jar:2.0.5.RELEASE]
	at org.springframework.boot.type.classreading.ConcurrentReferenceCachingMetadataReaderFactory.getMetadataReader(ConcurrentReferenceCachingMetadataReaderFactory.java:75) ~[spring-boot-2.0.5.RELEASE.jar:2.0.5.RELEASE]
	at org.springframework.core.type.classreading.SimpleMetadataReaderFactory.getMetadataReader(SimpleMetadataReaderFactory.java:81) ~[spring-core-5.0.9.RELEASE.jar:5.0.9.RELEASE]
	at org.springframework.context.annotation.ConfigurationClassParser$SourceClass.getMemberClasses(ConfigurationClassParser.java:921) ~[spring-context-5.0.9.RELEASE.jar:5.0.9.RELEASE]
	at org.springframework.context.annotation.ConfigurationClassParser.processMemberClasses(ConfigurationClassParser.java:345) ~[spring-context-5.0.9.RELEASE.jar:5.0.9.RELEASE]
	at org.springframework.context.annotation.ConfigurationClassParser.doProcessConfigurationClass(ConfigurationClassParser.java:265) ~[spring-context-5.0.9.RELEASE.jar:5.0.9.RELEASE]
	at org.springframework.context.annotation.ConfigurationClassParser.processConfigurationClass(ConfigurationClassParser.java:245) ~[spring-context-5.0.9.RELEASE.jar:5.0.9.RELEASE]
	at org.springframework.context.annotation.ConfigurationClassParser.parse(ConfigurationClassParser.java:202) ~[spring-context-5.0.9.RELEASE.jar:5.0.9.RELEASE]
	at org.springframework.context.annotation.ConfigurationClassParser.parse(ConfigurationClassParser.java:170) ~[spring-context-5.0.9.RELEASE.jar:5.0.9.RELEASE]
	... 18 common frames omitted

2020-09-15 09:54:20.093  INFO 2156 --- [restartedMain] com.example.DemoApplication              : Starting DemoApplication on admin-PC with PID 2156 (E:\IdeaProjects\mySpring\target\classes started by admin in E:\IdeaProjects\mySpring)
2020-09-15 09:54:20.093  INFO 2156 --- [restartedMain] com.example.DemoApplication              : The following profiles are active: dev
2020-09-15 09:54:20.097  INFO 2156 --- [restartedMain] ConfigServletWebServerApplicationContext : Refreshing org.springframework.boot.web.servlet.context.AnnotationConfigServletWebServerApplicationContext@7d13c2b3: startup date [Tue Sep 15 09:54:20 CST 2020]; root of context hierarchy
2020-09-15 09:54:20.857  INFO 2156 --- [restartedMain] o.s.b.f.s.DefaultListableBeanFactory     : Overriding bean definition for bean 'createRestApi' with a different definition: replacing [Root bean: class [null]; scope=; abstract=false; lazyInit=false; autowireMode=3; dependencyCheck=0; autowireCandidate=true; primary=false; factoryBeanName=demoApplication.Swagger2; factoryMethodName=createRestApi; initMethodName=null; destroyMethodName=(inferred); defined in class path resource [com/example/DemoApplication$Swagger2.class]] with [Root bean: class [null]; scope=; abstract=false; lazyInit=false; autowireMode=3; dependencyCheck=0; autowireCandidate=true; primary=false; factoryBeanName=swagger2; factoryMethodName=createRestApi; initMethodName=null; destroyMethodName=(inferred); defined in class path resource [com/example/Swagger2.class]]
2020-09-15 09:54:20.936  INFO 2156 --- [restartedMain] .s.d.r.c.RepositoryConfigurationDelegate : Multiple Spring Data modules found, entering strict repository configuration mode!
2020-09-15 09:54:20.949  INFO 2156 --- [restartedMain] .s.d.r.c.RepositoryConfigurationDelegate : Multiple Spring Data modules found, entering strict repository configuration mode!
2020-09-15 09:54:21.099  INFO 2156 --- [restartedMain] trationDelegate$BeanPostProcessorChecker : Bean 'shiroConfig' of type [com.example.config.ShiroConfig$$EnhancerBySpringCGLIB$$765de736] is not eligible for getting processed by all BeanPostProcessors (for example: not eligible for auto-proxying)
2020-09-15 09:54:21.129  INFO 2156 --- [restartedMain] trationDelegate$BeanPostProcessorChecker : Bean 'customRealm' of type [com.example.config.CustomRealm] is not eligible for getting processed by all BeanPostProcessors (for example: not eligible for auto-proxying)
2020-09-15 09:54:21.131  INFO 2156 --- [restartedMain] trationDelegate$BeanPostProcessorChecker : Bean 'securityManager' of type [org.apache.shiro.web.mgt.DefaultWebSecurityManager] is not eligible for getting processed by all BeanPostProcessors (for example: not eligible for auto-proxying)
2020-09-15 09:54:21.139  INFO 2156 --- [restartedMain] trationDelegate$BeanPostProcessorChecker : Bean 'org.springframework.amqp.rabbit.annotation.RabbitBootstrapConfiguration' of type [org.springframework.amqp.rabbit.annotation.RabbitBootstrapConfiguration$$EnhancerBySpringCGLIB$$1da373a7] is not eligible for getting processed by all BeanPostProcessors (for example: not eligible for auto-proxying)
2020-09-15 09:54:21.149  INFO 2156 --- [restartedMain] trationDelegate$BeanPostProcessorChecker : Bean 'authorizationAttributeSourceAdvisor' of type [org.apache.shiro.spring.security.interceptor.AuthorizationAttributeSourceAdvisor] is not eligible for getting processed by all BeanPostProcessors (for example: not eligible for auto-proxying)
2020-09-15 09:54:21.169  INFO 2156 --- [restartedMain] trationDelegate$BeanPostProcessorChecker : Bean 'org.springframework.transaction.annotation.ProxyTransactionManagementConfiguration' of type [org.springframework.transaction.annotation.ProxyTransactionManagementConfiguration$$EnhancerBySpringCGLIB$$5737b579] is not eligible for getting processed by all BeanPostProcessors (for example: not eligible for auto-proxying)
2020-09-15 09:54:21.195  INFO 2156 --- [restartedMain] trationDelegate$BeanPostProcessorChecker : Bean 'org.springframework.security.config.annotation.configuration.ObjectPostProcessorConfiguration' of type [org.springframework.security.config.annotation.configuration.ObjectPostProcessorConfiguration$$EnhancerBySpringCGLIB$$efe57db3] is not eligible for getting processed by all BeanPostProcessors (for example: not eligible for auto-proxying)
2020-09-15 09:54:21.202  INFO 2156 --- [restartedMain] trationDelegate$BeanPostProcessorChecker : Bean 'objectPostProcessor' of type [org.springframework.security.config.annotation.configuration.AutowireBeanFactoryObjectPostProcessor] is not eligible for getting processed by all BeanPostProcessors (for example: not eligible for auto-proxying)
2020-09-15 09:54:21.204  INFO 2156 --- [restartedMain] trationDelegate$BeanPostProcessorChecker : Bean 'org.springframework.security.access.expression.method.DefaultMethodSecurityExpressionHandler@7e6eee42' of type [org.springframework.security.access.expression.method.DefaultMethodSecurityExpressionHandler] is not eligible for getting processed by all BeanPostProcessors (for example: not eligible for auto-proxying)
2020-09-15 09:54:21.211  INFO 2156 --- [restartedMain] trationDelegate$BeanPostProcessorChecker : Bean 'org.springframework.security.config.annotation.method.configuration.GlobalMethodSecurityConfiguration' of type [org.springframework.security.config.annotation.method.configuration.GlobalMethodSecurityConfiguration$$EnhancerBySpringCGLIB$$14ba2065] is not eligible for getting processed by all BeanPostProcessors (for example: not eligible for auto-proxying)
2020-09-15 09:54:21.223  INFO 2156 --- [restartedMain] trationDelegate$BeanPostProcessorChecker : Bean 'methodSecurityMetadataSource' of type [org.springframework.security.access.method.DelegatingMethodSecurityMetadataSource] is not eligible for getting processed by all BeanPostProcessors (for example: not eligible for auto-proxying)
2020-09-15 09:54:21.249  INFO 2156 --- [restartedMain] trationDelegate$BeanPostProcessorChecker : Bean 'org.springframework.boot.context.properties.ConversionServiceDeducer$Factory' of type [org.springframework.boot.context.properties.ConversionServiceDeducer$Factory] is not eligible for getting processed by all BeanPostProcessors (for example: not eligible for auto-proxying)
2020-09-15 09:54:21.256  INFO 2156 --- [restartedMain] trationDelegate$BeanPostProcessorChecker : Bean 'spring.redis-org.springframework.boot.autoconfigure.data.redis.RedisProperties' of type [org.springframework.boot.autoconfigure.data.redis.RedisProperties] is not eligible for getting processed by all BeanPostProcessors (for example: not eligible for auto-proxying)
2020-09-15 09:54:21.272  INFO 2156 --- [restartedMain] trationDelegate$BeanPostProcessorChecker : Bean 'org.springframework.boot.autoconfigure.data.redis.LettuceConnectionConfiguration' of type [org.springframework.boot.autoconfigure.data.redis.LettuceConnectionConfiguration$$EnhancerBySpringCGLIB$$6c5173c3] is not eligible for getting processed by all BeanPostProcessors (for example: not eligible for auto-proxying)
2020-09-15 09:54:21.288  INFO 2156 --- [restartedMain] trationDelegate$BeanPostProcessorChecker : Bean 'lettuceClientResources' of type [io.lettuce.core.resource.DefaultClientResources] is not eligible for getting processed by all BeanPostProcessors (for example: not eligible for auto-proxying)
2020-09-15 09:54:21.295  INFO 2156 --- [restartedMain] trationDelegate$BeanPostProcessorChecker : Bean 'redisConnectionFactory' of type [org.springframework.data.redis.connection.lettuce.LettuceConnectionFactory] is not eligible for getting processed by all BeanPostProcessors (for example: not eligible for auto-proxying)
2020-09-15 09:54:21.316  INFO 2156 --- [restartedMain] trationDelegate$BeanPostProcessorChecker : Bean 'redisconfig' of type [com.example.config.Redisconfig$$EnhancerBySpringCGLIB$$24919e60] is not eligible for getting processed by all BeanPostProcessors (for example: not eligible for auto-proxying)
2020-09-15 09:54:21.358  INFO 2156 --- [restartedMain] trationDelegate$BeanPostProcessorChecker : Bean 'cacheManager' of type [org.springframework.data.redis.cache.RedisCacheManager] is not eligible for getting processed by all BeanPostProcessors (for example: not eligible for auto-proxying)
2020-09-15 09:54:21.366  INFO 2156 --- [restartedMain] trationDelegate$BeanPostProcessorChecker : Bean 'keyGenerator' of type [com.example.config.Redisconfig$1] is not eligible for getting processed by all BeanPostProcessors (for example: not eligible for auto-proxying)
2020-09-15 09:54:21.368  INFO 2156 --- [restartedMain] com.example.config.Redisconfig           : ³õÊ¼»¯ -> [Redis CacheErrorHandler]
2020-09-15 09:54:21.371  INFO 2156 --- [restartedMain] trationDelegate$BeanPostProcessorChecker : Bean 'errorHandler' of type [com.example.config.Redisconfig$3] is not eligible for getting processed by all BeanPostProcessors (for example: not eligible for auto-proxying)
2020-09-15 09:54:21.682  INFO 2156 --- [restartedMain] o.s.b.w.embedded.tomcat.TomcatWebServer  : Tomcat initialized with port(s): 8080 (http)
2020-09-15 09:54:21.683  INFO 2156 --- [restartedMain] o.apache.catalina.core.StandardService   : Starting service [Tomcat]
2020-09-15 09:54:21.683  INFO 2156 --- [restartedMain] org.apache.catalina.core.StandardEngine  : Starting Servlet Engine: Apache Tomcat/8.5.34
2020-09-15 09:54:21.701  INFO 2156 --- [localhost-startStop-1] o.a.c.c.C.[Tomcat].[localhost].[/]       : Initializing Spring embedded WebApplicationContext
2020-09-15 09:54:21.702  INFO 2156 --- [localhost-startStop-1] o.s.web.context.ContextLoader            : Root WebApplicationContext: initialization completed in 1605 ms
2020-09-15 09:54:21.810  INFO 2156 --- [localhost-startStop-1] o.s.b.w.servlet.FilterRegistrationBean   : Mapping filter: 'characterEncodingFilter' to: [/*]
2020-09-15 09:54:21.810  INFO 2156 --- [localhost-startStop-1] o.s.b.w.servlet.FilterRegistrationBean   : Mapping filter: 'hiddenHttpMethodFilter' to: [/*]
2020-09-15 09:54:21.811  INFO 2156 --- [localhost-startStop-1] o.s.b.w.servlet.FilterRegistrationBean   : Mapping filter: 'httpPutFormContentFilter' to: [/*]
2020-09-15 09:54:21.811  INFO 2156 --- [localhost-startStop-1] o.s.b.w.servlet.FilterRegistrationBean   : Mapping filter: 'requestContextFilter' to: [/*]
2020-09-15 09:54:21.811  INFO 2156 --- [localhost-startStop-1] .s.DelegatingFilterProxyRegistrationBean : Mapping filter: 'springSecurityFilterChain' to: [/*]
2020-09-15 09:54:21.811  INFO 2156 --- [localhost-startStop-1] o.s.b.w.servlet.FilterRegistrationBean   : Mapping filter: 'shiroFilterFactoryBean' to: [/*]
2020-09-15 09:54:21.811  INFO 2156 --- [localhost-startStop-1] o.s.b.w.servlet.ServletRegistrationBean  : Servlet dispatcherServlet mapped to [/]
2020-09-15 09:54:22.539  INFO 2156 --- [restartedMain] s.w.s.m.m.a.RequestMappingHandlerMapping : Mapped "{[/swagger-resources]}" onto public org.springframework.http.ResponseEntity<java.util.List<springfox.documentation.swagger.web.SwaggerResource>> springfox.documentation.swagger.web.ApiResourceController.swaggerResources()
2020-09-15 09:54:22.540  INFO 2156 --- [restartedMain] s.w.s.m.m.a.RequestMappingHandlerMapping : Mapped "{[/swagger-resources/configuration/ui]}" onto public org.springframework.http.ResponseEntity<springfox.documentation.swagger.web.UiConfiguration> springfox.documentation.swagger.web.ApiResourceController.uiConfiguration()
2020-09-15 09:54:22.540  INFO 2156 --- [restartedMain] s.w.s.m.m.a.RequestMappingHandlerMapping : Mapped "{[/swagger-resources/configuration/security]}" onto public org.springframework.http.ResponseEntity<springfox.documentation.swagger.web.SecurityConfiguration> springfox.documentation.swagger.web.ApiResourceController.securityConfiguration()
2020-09-15 09:54:22.542  INFO 2156 --- [restartedMain] s.w.s.m.m.a.RequestMappingHandlerMapping : Mapped "{[/aopController/Antetokounmpo]}" onto public void com.example.controller.AopController.Antetokounmpo()
2020-09-15 09:54:22.542  INFO 2156 --- [restartedMain] s.w.s.m.m.a.RequestMappingHandlerMapping : Mapped "{[/aopController/Curry]}" onto public void com.example.controller.AopController.Curry()
2020-09-15 09:54:22.542  INFO 2156 --- [restartedMain] s.w.s.m.m.a.RequestMappingHandlerMapping : Mapped "{[/aopController/Jokic]}" onto public void com.example.controller.AopController.Jokic()
2020-09-15 09:54:22.542  INFO 2156 --- [restartedMain] s.w.s.m.m.a.RequestMappingHandlerMapping : Mapped "{[/aopController/Harden]}" onto public void com.example.controller.AopController.Harden()
2020-09-15 09:54:22.543  INFO 2156 --- [restartedMain] s.w.s.m.m.a.RequestMappingHandlerMapping : Mapped "{[/aopController/Durant/{point}]}" onto public void com.example.controller.AopController.Durant(int)
2020-09-15 09:54:22.544  INFO 2156 --- [restartedMain] s.w.s.m.m.a.RequestMappingHandlerMapping : Mapped "{[/]}" onto public java.lang.String com.example.controller.LoginController.showHome()
2020-09-15 09:54:22.545  INFO 2156 --- [restartedMain] s.w.s.m.m.a.RequestMappingHandlerMapping : Mapped "{[/login]}" onto public java.lang.String com.example.controller.LoginController.showLogin(java.lang.String,java.lang.String,java.util.Map<java.lang.String, java.lang.Object>,javax.servlet.http.HttpSession)
2020-09-15 09:54:22.545  INFO 2156 --- [restartedMain] s.w.s.m.m.a.RequestMappingHandlerMapping : Mapped "{[/home]}" onto public java.lang.String com.example.controller.LoginController.goMain(java.util.Map<java.lang.String, java.lang.Object>)
2020-09-15 09:54:22.545  INFO 2156 --- [restartedMain] s.w.s.m.m.a.RequestMappingHandlerMapping : Mapped "{[/admin]}" onto public java.lang.String com.example.controller.LoginController.printAdmin()
2020-09-15 09:54:22.546  INFO 2156 --- [restartedMain] s.w.s.m.m.a.RequestMappingHandlerMapping : Mapped "{[/user]}" onto public java.lang.String com.example.controller.LoginController.printUser()
2020-09-15 09:54:22.547  INFO 2156 --- [restartedMain] s.w.s.m.m.a.RequestMappingHandlerMapping : Mapped "{[/addUser]}" onto public void com.example.controller.SolrController.addUser() throws java.io.IOException,org.apache.solr.client.solrj.SolrServerException
2020-09-15 09:54:22.547  INFO 2156 --- [restartedMain] s.w.s.m.m.a.RequestMappingHandlerMapping : Mapped "{[/addUsers]}" onto public void com.example.controller.SolrController.addUsers() throws java.io.IOException,org.apache.solr.client.solrj.SolrServerException
2020-09-15 09:54:22.547  INFO 2156 --- [restartedMain] s.w.s.m.m.a.RequestMappingHandlerMapping : Mapped "{[/getByIdFromSolr/{id}]}" onto public void com.example.controller.SolrController.getByIdFromSolr(java.lang.String) throws java.io.IOException,org.apache.solr.client.solrj.SolrServerException
2020-09-15 09:54:22.547  INFO 2156 --- [restartedMain] s.w.s.m.m.a.RequestMappingHandlerMapping : Mapped "{[/delById/{id}]}" onto public void com.example.controller.SolrController.delById(java.lang.String) throws java.io.IOException,org.apache.solr.client.solrj.SolrServerException
2020-09-15 09:54:22.548  INFO 2156 --- [restartedMain] s.w.s.m.m.a.RequestMappingHandlerMapping : Mapped "{[/queryFromSolr]}" onto public java.lang.Object com.example.controller.SolrController.queryFromSolr() throws java.io.IOException,org.apache.solr.client.solrj.SolrServerException
2020-09-15 09:54:22.553  INFO 2156 --- [restartedMain] s.w.s.m.m.a.RequestMappingHandlerMapping : Mapped "{[/web/one]}" onto public java.util.Map com.example.controller.TestController.methodOne(java.lang.String)
2020-09-15 09:54:22.554  INFO 2156 --- [restartedMain] s.w.s.m.m.a.RequestMappingHandlerMapping : Mapped "{[/web/two]}" onto public java.lang.String com.example.controller.TestController.methodTwo() throws java.lang.InterruptedException
2020-09-15 09:54:22.554  INFO 2156 --- [restartedMain] s.w.s.m.m.a.RequestMappingHandlerMapping : Mapped "{[/web/three],methods=[GET]}" onto public void com.example.controller.TestController.methodThree(java.lang.String,java.lang.String)
2020-09-15 09:54:22.556  INFO 2156 --- [restartedMain] s.w.s.m.m.a.RequestMappingHandlerMapping : Mapped "{[/testBoot/getUser],methods=[GET]}" onto public com.example.entity.SysUser com.example.controller.UserController.getUser(java.lang.Integer)
2020-09-15 09:54:22.556  INFO 2156 --- [restartedMain] s.w.s.m.m.a.RequestMappingHandlerMapping : Mapped "{[/testBoot/save]}" onto public java.lang.String com.example.controller.UserController.saveUser(java.lang.Integer)
2020-09-15 09:54:22.558  INFO 2156 --- [restartedMain] s.w.s.m.m.a.RequestMappingHandlerMapping : Mapped "{[/task/start]}" onto public void com.example.quartz.TaskController.start()
2020-09-15 09:54:22.558  INFO 2156 --- [restartedMain] s.w.s.m.m.a.RequestMappingHandlerMapping : Mapped "{[/task/stop]}" onto public void com.example.quartz.TaskController.stop(java.lang.String)
2020-09-15 09:54:22.563  INFO 2156 --- [restartedMain] s.w.s.m.m.a.RequestMappingHandlerMapping : Mapped "{[/error]}" onto public org.springframework.http.ResponseEntity<java.util.Map<java.lang.String, java.lang.Object>> org.springframework.boot.autoconfigure.web.servlet.error.BasicErrorController.error(javax.servlet.http.HttpServletRequest)
2020-09-15 09:54:22.563  INFO 2156 --- [restartedMain] s.w.s.m.m.a.RequestMappingHandlerMapping : Mapped "{[/error],produces=[text/html]}" onto public org.springframework.web.servlet.ModelAndView org.springframework.boot.autoconfigure.web.servlet.error.BasicErrorController.errorHtml(javax.servlet.http.HttpServletRequest,javax.servlet.http.HttpServletResponse)
2020-09-15 09:54:23.225  INFO 2156 --- [restartedMain] com.alibaba.druid.pool.DruidDataSource   : {dataSource-10} inited
2020-09-15 09:54:23.255  INFO 2156 --- [restartedMain] org.quartz.impl.StdSchedulerFactory      : Using default implementation for ThreadExecutor
2020-09-15 09:54:23.256  INFO 2156 --- [restartedMain] org.quartz.core.SchedulerSignalerImpl    : Initialized Scheduler Signaller of type: class org.quartz.core.SchedulerSignalerImpl
2020-09-15 09:54:23.257  INFO 2156 --- [restartedMain] org.quartz.core.QuartzScheduler          : Quartz Scheduler v.2.3.0 created.
2020-09-15 09:54:23.257  INFO 2156 --- [restartedMain] org.quartz.simpl.RAMJobStore             : RAMJobStore initialized.
2020-09-15 09:54:23.257  INFO 2156 --- [restartedMain] org.quartz.core.QuartzScheduler          : Scheduler meta-data: Quartz Scheduler (v2.3.0) 'quartzScheduler' with instanceId 'NON_CLUSTERED'
  Scheduler class: 'org.quartz.core.QuartzScheduler' - running locally.
  NOT STARTED.
  Currently in standby mode.
  Number of jobs executed: 0
  Using thread pool 'org.quartz.simpl.SimpleThreadPool' - with 10 threads.
  Using job-store 'org.quartz.simpl.RAMJobStore' - which does not support persistence. and is not clustered.

2020-09-15 09:54:23.257  INFO 2156 --- [restartedMain] org.quartz.impl.StdSchedulerFactory      : Quartz scheduler 'quartzScheduler' initialized from an externally provided properties instance.
2020-09-15 09:54:23.257  INFO 2156 --- [restartedMain] org.quartz.impl.StdSchedulerFactory      : Quartz scheduler version: 2.3.0
2020-09-15 09:54:23.257  INFO 2156 --- [restartedMain] org.quartz.core.QuartzScheduler          : JobFactory set to: org.springframework.boot.autoconfigure.quartz.AutowireCapableBeanJobFactory@102c1f08
2020-09-15 09:54:23.435  INFO 2156 --- [restartedMain] pertySourcedRequestMappingHandlerMapping : Mapped URL path [/v2/api-docs] onto method [public org.springframework.http.ResponseEntity<springfox.documentation.spring.web.json.Json> springfox.documentation.swagger2.web.Swagger2Controller.getDocumentation(java.lang.String,javax.servlet.http.HttpServletRequest)]
2020-09-15 09:54:23.527  INFO 2156 --- [restartedMain] o.s.s.web.DefaultSecurityFilterChain     : Creating filter chain: Ant [pattern='/css/**'], []
2020-09-15 09:54:23.527  INFO 2156 --- [restartedMain] o.s.s.web.DefaultSecurityFilterChain     : Creating filter chain: Ant [pattern='/js/**'], []
2020-09-15 09:54:23.587  INFO 2156 --- [restartedMain] o.s.s.web.DefaultSecurityFilterChain     : Creating filter chain: org.springframework.security.web.util.matcher.AnyRequestMatcher@1, [org.springframework.security.web.context.request.async.WebAsyncManagerIntegrationFilter@10a25b84, org.springframework.security.web.context.SecurityContextPersistenceFilter@285b8629, org.springframework.security.web.header.HeaderWriterFilter@3a438ca0, org.springframework.security.web.authentication.logout.LogoutFilter@211b2e3d, org.springframework.security.web.authentication.UsernamePasswordAuthenticationFilter@1e70a33e, org.springframework.security.web.savedrequest.RequestCacheAwareFilter@ccf81cc, org.springframework.security.web.servletapi.SecurityContextHolderAwareRequestFilter@2acf3a79, org.springframework.security.web.authentication.AnonymousAuthenticationFilter@1e532c59, org.springframework.security.web.session.SessionManagementFilter@616d4643, org.springframework.security.web.access.ExceptionTranslationFilter@12a6d2dc, org.springframework.security.web.access.intercept.FilterSecurityInterceptor@226a7f1]
2020-09-15 09:54:23.683  INFO 2156 --- [restartedMain] o.s.w.s.handler.SimpleUrlHandlerMapping  : Mapped URL path [/**/favicon.ico] onto handler of type [class org.springframework.web.servlet.resource.ResourceHttpRequestHandler]
2020-09-15 09:54:23.886  INFO 2156 --- [restartedMain] s.w.s.m.m.a.RequestMappingHandlerAdapter : Looking for @ControllerAdvice: org.springframework.boot.web.servlet.context.AnnotationConfigServletWebServerApplicationContext@7d13c2b3: startup date [Tue Sep 15 09:54:20 CST 2020]; root of context hierarchy
2020-09-15 09:54:23.943  INFO 2156 --- [restartedMain] o.s.w.s.handler.SimpleUrlHandlerMapping  : Mapped URL path [/webjars/**] onto handler of type [class org.springframework.web.servlet.resource.ResourceHttpRequestHandler]
2020-09-15 09:54:23.943  INFO 2156 --- [restartedMain] o.s.w.s.handler.SimpleUrlHandlerMapping  : Mapped URL path [/**] onto handler of type [class org.springframework.web.servlet.resource.ResourceHttpRequestHandler]
2020-09-15 09:54:24.002  WARN 2156 --- [restartedMain] org.thymeleaf.templatemode.TemplateMode  : [THYMELEAF][restartedMain] Template Mode 'LEGACYHTML5' is deprecated. Using Template Mode 'HTML' instead.
2020-09-15 09:54:24.532  INFO 2156 --- [restartedMain] o.s.b.d.a.OptionalLiveReloadServer       : LiveReload server is running on port 35729
2020-09-15 09:54:24.582  INFO 2156 --- [restartedMain] o.s.j.e.a.AnnotationMBeanExporter        : Registering beans for JMX exposure on startup
2020-09-15 09:54:24.583  INFO 2156 --- [restartedMain] o.s.j.e.a.AnnotationMBeanExporter        : Bean with name 'dataSource' has been autodetected for JMX exposure
2020-09-15 09:54:24.585  INFO 2156 --- [restartedMain] o.s.j.e.a.AnnotationMBeanExporter        : Bean with name 'rabbitConnectionFactory' has been autodetected for JMX exposure
2020-09-15 09:54:24.588  INFO 2156 --- [restartedMain] o.s.j.e.a.AnnotationMBeanExporter        : Located MBean 'dataSource': registering with JMX server as MBean [com.alibaba.druid.pool:name=dataSource,type=DruidDataSource]
2020-09-15 09:54:24.589  INFO 2156 --- [restartedMain] o.s.j.e.a.AnnotationMBeanExporter        : Located managed bean 'rabbitConnectionFactory': registering with JMX server as MBean [org.springframework.amqp.rabbit.connection:name=rabbitConnectionFactory,type=CachingConnectionFactory]
2020-09-15 09:54:24.594  INFO 2156 --- [restartedMain] o.s.c.support.DefaultLifecycleProcessor  : Starting beans in phase 2147483647
2020-09-15 09:54:24.594  INFO 2156 --- [restartedMain] d.s.w.p.DocumentationPluginsBootstrapper : Context refreshed
2020-09-15 09:54:24.595  INFO 2156 --- [restartedMain] d.s.w.p.DocumentationPluginsBootstrapper : Found 1 custom documentation plugin(s)
2020-09-15 09:54:24.603  INFO 2156 --- [restartedMain] s.d.s.w.s.ApiListingReferenceScanner     : Scanning for api listing references
2020-09-15 09:54:24.781  INFO 2156 --- [restartedMain] o.s.s.quartz.SchedulerFactoryBean        : Starting Quartz Scheduler now
2020-09-15 09:54:24.781  INFO 2156 --- [restartedMain] org.quartz.core.QuartzScheduler          : Scheduler quartzScheduler_$_NON_CLUSTERED started.
2020-09-15 09:54:24.794  INFO 2156 --- [restartedMain] o.s.b.w.embedded.tomcat.TomcatWebServer  : Tomcat started on port(s): 8080 (http) with context path ''
2020-09-15 09:54:24.795  INFO 2156 --- [restartedMain] com.example.DemoApplication              : Started DemoApplication in 4.734 seconds (JVM running for 73097.589)
2020-09-15 09:54:24.800  INFO 2156 --- [restartedMain] .ConditionEvaluationDeltaLoggingListener : Condition evaluation unchanged
2020-09-15 10:00:14.492  INFO 2156 --- [Thread-145] ConfigServletWebServerApplicationContext : Closing org.springframework.boot.web.servlet.context.AnnotationConfigServletWebServerApplicationContext@7d13c2b3: startup date [Tue Sep 15 09:54:20 CST 2020]; root of context hierarchy
2020-09-15 10:00:14.495  INFO 2156 --- [Thread-145] o.s.c.support.DefaultLifecycleProcessor  : Stopping beans in phase 2147483647
2020-09-15 10:00:14.495  INFO 2156 --- [Thread-145] org.quartz.core.QuartzScheduler          : Scheduler quartzScheduler_$_NON_CLUSTERED paused.
2020-09-15 10:00:14.495  INFO 2156 --- [Thread-145] o.s.c.support.DefaultLifecycleProcessor  : Stopping beans in phase 0
2020-09-15 10:00:14.496  INFO 2156 --- [Thread-145] o.s.j.e.a.AnnotationMBeanExporter        : Unregistering JMX-exposed beans on shutdown
2020-09-15 10:00:14.496  INFO 2156 --- [Thread-145] o.s.j.e.a.AnnotationMBeanExporter        : Unregistering JMX-exposed beans
2020-09-15 10:00:14.497  INFO 2156 --- [Thread-145] o.s.s.quartz.SchedulerFactoryBean        : Shutting down Quartz Scheduler
2020-09-15 10:00:14.497  INFO 2156 --- [Thread-145] org.quartz.core.QuartzScheduler          : Scheduler quartzScheduler_$_NON_CLUSTERED shutting down.
2020-09-15 10:00:14.497  INFO 2156 --- [Thread-145] org.quartz.core.QuartzScheduler          : Scheduler quartzScheduler_$_NON_CLUSTERED paused.
2020-09-15 10:00:14.498  INFO 2156 --- [Thread-145] org.quartz.core.QuartzScheduler          : Scheduler quartzScheduler_$_NON_CLUSTERED shutdown complete.
2020-09-15 10:00:14.499  INFO 2156 --- [Thread-145] com.alibaba.druid.pool.DruidDataSource   : {dataSource-10} closed
